\BOOKMARK [1][-]{section.1}{\376\377\000I\000n\000t\000r\000o\000d\000u\000\347\000\343\000o}{}% 1
\BOOKMARK [2][-]{subsection.1.1}{\376\377\000M\000i\000n\000e\000r\000a\000\347\000\343\000o\000\040\000d\000e\000\040\000T\000e\000x\000t\000o}{section.1}% 2
\BOOKMARK [2][-]{subsection.1.2}{\376\377\000E\000s\000t\000i\000l\000o\000m\000e\000t\000r\000i\000a\000\040\000e\000\040\000A\000n\000\341\000l\000i\000s\000e\000\040\000d\000e\000\040\000A\000u\000t\000o\000r\000i\000a}{section.1}% 3
\BOOKMARK [3][-]{subsubsection.1.2.1}{\376\377\000F\000u\000n\000d\000a\000m\000e\000n\000t\000o\000s\000\040\000d\000a\000\040\000A\000n\000\341\000l\000i\000s\000e\000\040\000E\000s\000t\000i\000l\000o\000m\000\351\000t\000r\000i\000c\000a}{subsection.1.2}% 4
\BOOKMARK [3][-]{subsubsection.1.2.2}{\376\377\000C\000a\000r\000a\000c\000t\000e\000r\000\355\000s\000t\000i\000c\000a\000s\000\040\000E\000s\000t\000i\000l\000o\000m\000\351\000t\000r\000i\000c\000a\000s}{subsection.1.2}% 5
\BOOKMARK [3][-]{subsubsection.1.2.3}{\376\377\000D\000e\000t\000e\000c\000\347\000\343\000o\000\040\000d\000e\000\040\000T\000e\000x\000t\000o\000s\000\040\000G\000e\000r\000a\000d\000o\000s\000\040\000p\000o\000r\000\040\000L\000L\000M\000s}{subsection.1.2}% 6
\BOOKMARK [2][-]{subsection.1.3}{\376\377\000J\000u\000s\000t\000i\000f\000i\000c\000a\000t\000i\000v\000a\000\040\000p\000a\000r\000a\000\040\000M\000\372\000l\000t\000i\000p\000l\000o\000s\000\040\000M\000\351\000t\000o\000d\000o\000s\000\040\000E\000s\000t\000a\000t\000\355\000s\000t\000i\000c\000o\000s}{section.1}% 7
\BOOKMARK [1][-]{section.2}{\376\377\000M\000\351\000t\000o\000d\000o\000s}{}% 8
\BOOKMARK [2][-]{subsection.2.1}{\376\377\000M\000i\000n\000e\000r\000a\000\347\000\343\000o\000\040\000d\000e\000\040\000T\000e\000x\000t\000o\000\040\000e\000\040\000P\000r\000\351\000-\000p\000r\000o\000c\000e\000s\000s\000a\000m\000e\000n\000t\000o}{section.2}% 9
\BOOKMARK [2][-]{subsection.2.2}{\376\377\000C\000o\000n\000j\000u\000n\000t\000o\000\040\000d\000e\000\040\000D\000a\000d\000o\000s}{section.2}% 10
\BOOKMARK [3][-]{subsubsection.2.2.1}{\376\377\000M\000\351\000t\000o\000d\000o\000\040\000d\000e\000\040\000A\000m\000o\000s\000t\000r\000a\000g\000e\000m\000\040\000E\000s\000t\000r\000a\000t\000i\000f\000i\000c\000a\000d\000a}{subsection.2.2}% 11
\BOOKMARK [2][-]{subsection.2.3}{\376\377\000E\000x\000t\000r\000a\000\347\000\343\000o\000\040\000d\000e\000\040\000C\000a\000r\000a\000c\000t\000e\000r\000\355\000s\000t\000i\000c\000a\000s\000\040\000E\000s\000t\000i\000l\000o\000m\000\351\000t\000r\000i\000c\000a\000s}{section.2}% 12
\BOOKMARK [3][-]{subsubsection.2.3.1}{\376\377\000V\000a\000r\000i\000\341\000v\000e\000i\000s\000\040\000e\000m\000\040\000E\000s\000c\000a\000l\000a\000\040\000d\000e\000\040\000R\000a\000z\000\343\000o}{subsection.2.3}% 13
\BOOKMARK [3][-]{subsubsection.2.3.2}{\376\377\000V\000a\000r\000i\000\341\000v\000e\000l\000\040\000e\000m\000\040\000E\000s\000c\000a\000l\000a\000\040\000d\000e\000\040\000I\000n\000t\000e\000r\000v\000a\000l\000o}{subsection.2.3}% 14
\BOOKMARK [3][-]{subsubsection.2.3.3}{\376\377\000J\000u\000s\000t\000i\000f\000i\000c\000a\000t\000i\000v\000a\000\040\000d\000a\000\040\000E\000s\000c\000o\000l\000h\000a\000\040\000d\000a\000s\000\040\000C\000a\000r\000a\000c\000t\000e\000r\000\355\000s\000t\000i\000c\000a\000s}{subsection.2.3}% 15
\BOOKMARK [2][-]{subsection.2.4}{\376\377\000T\000e\000s\000t\000e\000s\000\040\000E\000s\000t\000a\000t\000\355\000s\000t\000i\000c\000o\000s\000\040\000N\000\343\000o\000\040\000P\000a\000r\000a\000m\000\351\000t\000r\000i\000c\000o\000s}{section.2}% 16
\BOOKMARK [3][-]{subsubsection.2.4.1}{\376\377\000J\000u\000s\000t\000i\000f\000i\000c\000a\000t\000i\000v\000a\000\040\000p\000a\000r\000a\000\040\000M\000\351\000t\000o\000d\000o\000s\000\040\000N\000\343\000o\000\040\000P\000a\000r\000a\000m\000\351\000t\000r\000i\000c\000o\000s}{subsection.2.4}% 17
\BOOKMARK [3][-]{subsubsection.2.4.2}{\376\377\000T\000e\000s\000t\000e\000\040\000d\000e\000\040\000M\000a\000n\000n\000-\000W\000h\000i\000t\000n\000e\000y\000\040\000U}{subsection.2.4}% 18
\BOOKMARK [3][-]{subsubsection.2.4.3}{\376\377\000T\000a\000m\000a\000n\000h\000o\000\040\000d\000e\000\040\000E\000f\000e\000i\000t\000o\000:\000\040\000D\000e\000l\000t\000a\000\040\000d\000e\000\040\000C\000l\000i\000f\000f}{subsection.2.4}% 19
\BOOKMARK [3][-]{subsubsection.2.4.4}{\376\377\000C\000o\000r\000r\000e\000\347\000\343\000o\000\040\000p\000a\000r\000a\000\040\000C\000o\000m\000p\000a\000r\000a\000\347\000\365\000e\000s\000\040\000M\000\372\000l\000t\000i\000p\000l\000a\000s}{subsection.2.4}% 20
\BOOKMARK [3][-]{subsubsection.2.4.5}{\376\377\000I\000m\000p\000l\000e\000m\000e\000n\000t\000a\000\347\000\343\000o}{subsection.2.4}% 21
\BOOKMARK [2][-]{subsection.2.5}{\376\377\000A\000n\000\341\000l\000i\000s\000e\000\040\000d\000e\000\040\000C\000o\000m\000p\000o\000n\000e\000n\000t\000e\000s\000\040\000P\000r\000i\000n\000c\000i\000p\000a\000i\000s\000\040\000\050\000P\000C\000A\000\051}{section.2}% 22
\BOOKMARK [2][-]{subsection.2.6}{\376\377\000M\000o\000d\000e\000l\000o\000s\000\040\000d\000e\000\040\000C\000l\000a\000s\000s\000i\000f\000i\000c\000a\000\347\000\343\000o}{section.2}% 23
\BOOKMARK [3][-]{subsubsection.2.6.1}{\376\377\000V\000a\000l\000i\000d\000a\000\347\000\343\000o\000\040\000E\000s\000t\000a\000t\000\355\000s\000t\000i\000c\000a\000\040\000d\000o\000s\000\040\000M\000o\000d\000e\000l\000o\000s}{subsection.2.6}% 24
\BOOKMARK [2][-]{subsection.2.7}{\376\377\000V\000a\000l\000i\000d\000a\000\347\000\343\000o\000\040\000C\000r\000u\000z\000a\000d\000a\000\040\000e\000\040\000M\000\351\000t\000r\000i\000c\000a\000s\000\040\000d\000e\000\040\000D\000e\000s\000e\000m\000p\000e\000n\000h\000o}{section.2}% 25
\BOOKMARK [1][-]{section.3}{\376\377\000R\000e\000s\000u\000l\000t\000a\000d\000o\000s}{}% 26
\BOOKMARK [2][-]{subsection.3.1}{\376\377\000C\000o\000m\000p\000a\000r\000a\000\347\000\343\000o\000\040\000E\000s\000t\000a\000t\000\355\000s\000t\000i\000c\000a\000\040\000d\000a\000s\000\040\000C\000a\000r\000a\000c\000t\000e\000r\000\355\000s\000t\000i\000c\000a\000s}{section.3}% 27
\BOOKMARK [2][-]{subsection.3.2}{\376\377\000I\000n\000t\000e\000r\000p\000r\000e\000t\000a\000\347\000\343\000o\000\040\000d\000a\000s\000\040\000C\000a\000r\000a\000c\000t\000e\000r\000\355\000s\000t\000i\000c\000a\000s\000\040\000D\000i\000s\000c\000r\000i\000m\000i\000n\000a\000n\000t\000e\000s}{section.3}% 28
\BOOKMARK [2][-]{subsection.3.3}{\376\377\000A\000n\000\341\000l\000i\000s\000e\000\040\000d\000e\000\040\000C\000o\000m\000p\000o\000n\000e\000n\000t\000e\000s\000\040\000P\000r\000i\000n\000c\000i\000p\000a\000i\000s}{section.3}% 29
\BOOKMARK [2][-]{subsection.3.4}{\376\377\000D\000e\000s\000e\000m\000p\000e\000n\000h\000o\000\040\000d\000o\000s\000\040\000C\000l\000a\000s\000s\000i\000f\000i\000c\000a\000d\000o\000r\000e\000s}{section.3}% 30
\BOOKMARK [2][-]{subsection.3.5}{\376\377\000V\000a\000l\000i\000d\000a\000\347\000\343\000o\000\040\000E\000s\000t\000a\000t\000\355\000s\000t\000i\000c\000a\000\040\000d\000o\000s\000\040\000M\000o\000d\000e\000l\000o\000s\000\040\000M\000u\000l\000t\000i\000v\000a\000r\000i\000a\000d\000o\000s}{section.3}% 31
\BOOKMARK [3][-]{subsubsection.3.5.1}{\376\377\000A\000n\000\341\000l\000i\000s\000e\000\040\000D\000i\000s\000c\000r\000i\000m\000i\000n\000a\000n\000t\000e\000\040\000L\000i\000n\000e\000a\000r}{subsection.3.5}% 32
\BOOKMARK [3][-]{subsubsection.3.5.2}{\376\377\000R\000e\000g\000r\000e\000s\000s\000\343\000o\000\040\000L\000o\000g\000\355\000s\000t\000i\000c\000a}{subsection.3.5}% 33
\BOOKMARK [1][-]{section.4}{\376\377\000D\000i\000s\000c\000u\000s\000s\000\343\000o}{}% 34
\BOOKMARK [2][-]{subsection.4.1}{\376\377\000I\000n\000t\000e\000r\000p\000r\000e\000t\000a\000\347\000\343\000o\000\040\000d\000o\000s\000\040\000R\000e\000s\000u\000l\000t\000a\000d\000o\000s}{section.4}% 35
\BOOKMARK [2][-]{subsection.4.2}{\376\377\000D\000e\000s\000e\000m\000p\000e\000n\000h\000o\000\040\000d\000o\000s\000\040\000C\000l\000a\000s\000s\000i\000f\000i\000c\000a\000d\000o\000r\000e\000s}{section.4}% 36
\BOOKMARK [2][-]{subsection.4.3}{\376\377\000C\000o\000m\000p\000a\000r\000a\000\347\000\343\000o\000\040\000c\000o\000m\000\040\000E\000s\000t\000u\000d\000o\000s\000\040\000A\000n\000t\000e\000r\000i\000o\000r\000e\000s}{section.4}% 37
\BOOKMARK [2][-]{subsection.4.4}{\376\377\000L\000i\000m\000i\000t\000a\000\347\000\365\000e\000s}{section.4}% 38
\BOOKMARK [2][-]{subsection.4.5}{\376\377\000I\000m\000p\000l\000i\000c\000a\000\347\000\365\000e\000s\000\040\000P\000r\000\341\000t\000i\000c\000a\000s}{section.4}% 39
\BOOKMARK [2][-]{subsection.4.6}{\376\377\000D\000i\000r\000e\000\347\000\365\000e\000s\000\040\000F\000u\000t\000u\000r\000a\000s}{section.4}% 40
\BOOKMARK [1][-]{section.5}{\376\377\000C\000o\000n\000c\000l\000u\000s\000\343\000o}{}% 41
