\BOOKMARK [1][-]{section.1}{\376\377\000I\000n\000t\000r\000o\000d\000u\000\347\000\343\000o}{}% 1
\BOOKMARK [2][-]{subsection.1.1}{\376\377\000F\000u\000n\000d\000a\000m\000e\000n\000t\000o\000s\000\040\000d\000e\000\040\000C\000o\000n\000j\000u\000n\000t\000o\000s\000\040\000F\000u\000z\000z\000y}{section.1}% 2
\BOOKMARK [3][-]{subsubsection.1.1.1}{\376\377\000D\000e\000f\000i\000n\000i\000\347\000\343\000o\000\040\000F\000o\000r\000m\000a\000l\000\040\000d\000e\000\040\000C\000o\000n\000j\000u\000n\000t\000o\000\040\000F\000u\000z\000z\000y}{subsection.1.1}% 3
\BOOKMARK [3][-]{subsubsection.1.1.2}{\376\377\000O\000p\000e\000r\000a\000\347\000\365\000e\000s\000\040\000s\000o\000b\000r\000e\000\040\000C\000o\000n\000j\000u\000n\000t\000o\000s\000\040\000F\000u\000z\000z\000y}{subsection.1.1}% 4
\BOOKMARK [3][-]{subsubsection.1.1.3}{\376\377\000V\000a\000r\000i\000\341\000v\000e\000i\000s\000\040\000L\000i\000n\000g\000u\000\355\000s\000t\000i\000c\000a\000s\000\040\000e\000\040\000F\000u\000n\000\347\000\365\000e\000s\000\040\000d\000e\000\040\000P\000e\000r\000t\000i\000n\000\352\000n\000c\000i\000a}{subsection.1.1}% 5
\BOOKMARK [3][-]{subsubsection.1.1.4}{\376\377\000S\000i\000s\000t\000e\000m\000a\000s\000\040\000d\000e\000\040\000I\000n\000f\000e\000r\000\352\000n\000c\000i\000a\000\040\000F\000u\000z\000z\000y}{subsection.1.1}% 6
\BOOKMARK [3][-]{subsubsection.1.1.5}{\376\377\000J\000u\000s\000t\000i\000f\000i\000c\000a\000t\000i\000v\000a\000\040\000p\000a\000r\000a\000\040\000o\000\040\000U\000s\000o\000\040\000d\000e\000\040\000L\000\363\000g\000i\000c\000a\000\040\000F\000u\000z\000z\000y}{subsection.1.1}% 7
\BOOKMARK [1][-]{section.2}{\376\377\000F\000u\000n\000d\000a\000m\000e\000n\000t\000o\000s\000\040\000d\000e\000\040\000T\000e\000o\000r\000i\000a\000\040\000d\000e\000\040\000C\000o\000n\000j\000u\000n\000t\000o\000s\000\040\000F\000u\000z\000z\000y}{}% 8
\BOOKMARK [2][-]{subsection.2.1}{\376\377\000F\000u\000n\000d\000a\000m\000e\000n\000t\000o\000s\000\040\000d\000e\000\040\000C\000o\000n\000j\000u\000n\000t\000o\000s\000\040\000F\000u\000z\000z\000y}{section.2}% 9
\BOOKMARK [2][-]{subsection.2.2}{\376\377\000M\000i\000n\000e\000r\000a\000\347\000\343\000o\000\040\000d\000e\000\040\000T\000e\000x\000t\000o}{section.2}% 10
\BOOKMARK [2][-]{subsection.2.3}{\376\377\000C\000o\000n\000j\000u\000n\000t\000o\000\040\000d\000e\000\040\000D\000a\000d\000o\000s}{section.2}% 11
\BOOKMARK [2][-]{subsection.2.4}{\376\377\000C\000a\000r\000a\000c\000t\000e\000r\000\355\000s\000t\000i\000c\000a\000s\000\040\000E\000s\000t\000i\000l\000o\000m\000\351\000t\000r\000i\000c\000a\000s}{section.2}% 12
\BOOKMARK [2][-]{subsection.2.5}{\376\377\000F\000u\000n\000\347\000\365\000e\000s\000\040\000d\000e\000\040\000P\000e\000r\000t\000i\000n\000\352\000n\000c\000i\000a\000\040\000T\000r\000i\000a\000n\000g\000u\000l\000a\000r\000e\000s}{section.2}% 13
\BOOKMARK [2][-]{subsection.2.6}{\376\377\000D\000e\000t\000e\000r\000m\000i\000n\000a\000\347\000\343\000o\000\040\000O\000r\000i\000e\000n\000t\000a\000d\000a\000\040\000a\000\040\000D\000a\000d\000o\000s\000\040\000d\000o\000s\000\040\000P\000a\000r\000\342\000m\000e\000t\000r\000o\000s}{section.2}% 14
\BOOKMARK [2][-]{subsection.2.7}{\376\377\000O\000r\000i\000e\000n\000t\000a\000\347\000\343\000o\000\040\000e\000\040\000R\000e\000g\000r\000a\000s\000\040\000F\000u\000z\000z\000y}{section.2}% 15
\BOOKMARK [2][-]{subsection.2.8}{\376\377\000S\000i\000s\000t\000e\000m\000a\000\040\000d\000e\000\040\000I\000n\000f\000e\000r\000\352\000n\000c\000i\000a\000\040\000e\000\040\000C\000l\000a\000s\000s\000i\000f\000i\000c\000a\000\347\000\343\000o}{section.2}% 16
\BOOKMARK [2][-]{subsection.2.9}{\376\377\000V\000a\000l\000i\000d\000a\000\347\000\343\000o\000\040\000C\000r\000u\000z\000a\000d\000a\000\040\000e\000\040\000A\000v\000a\000l\000i\000a\000\347\000\343\000o}{section.2}% 17
\BOOKMARK [2][-]{subsection.2.10}{\376\377\000V\000a\000n\000t\000a\000g\000e\000n\000s\000\040\000d\000a\000\040\000A\000b\000o\000r\000d\000a\000g\000e\000m\000\040\000F\000u\000z\000z\000y}{section.2}% 18
\BOOKMARK [1][-]{section.3}{\376\377\000R\000e\000s\000u\000l\000t\000a\000d\000o\000s}{}% 19
\BOOKMARK [2][-]{subsection.3.1}{\376\377\000D\000e\000s\000e\000m\000p\000e\000n\000h\000o\000\040\000d\000o\000\040\000C\000l\000a\000s\000s\000i\000f\000i\000c\000a\000d\000o\000r\000\040\000F\000u\000z\000z\000y}{section.3}% 20
\BOOKMARK [2][-]{subsection.3.2}{\376\377\000F\000u\000n\000\347\000\365\000e\000s\000\040\000d\000e\000\040\000P\000e\000r\000t\000i\000n\000\352\000n\000c\000i\000a\000\040\000e\000\040\000I\000n\000t\000e\000r\000p\000r\000e\000t\000a\000b\000i\000l\000i\000d\000a\000d\000e}{section.3}% 21
\BOOKMARK [2][-]{subsection.3.3}{\376\377\000A\000n\000\341\000l\000i\000s\000e\000\040\000d\000e\000\040\000C\000u\000s\000t\000o\000\040\000d\000e\000\040\000O\000p\000o\000r\000t\000u\000n\000i\000d\000a\000d\000e\000:\000\040\000D\000e\000s\000e\000m\000p\000e\000n\000h\000o\000\040\000v\000s\000\040\000I\000n\000t\000e\000r\000p\000r\000e\000t\000a\000b\000i\000l\000i\000d\000a\000d\000e}{section.3}% 22
\BOOKMARK [2][-]{subsection.3.4}{\376\377\000C\000o\000m\000p\000a\000r\000a\000\347\000\343\000o\000\040\000c\000o\000m\000\040\000E\000s\000t\000u\000d\000o\000s\000\040\000A\000n\000t\000e\000r\000i\000o\000r\000e\000s}{section.3}% 23
\BOOKMARK [1][-]{section.4}{\376\377\000D\000i\000s\000c\000u\000s\000s\000\343\000o}{}% 24
\BOOKMARK [2][-]{subsection.4.1}{\376\377\000V\000a\000n\000t\000a\000g\000e\000n\000s\000\040\000e\000\040\000L\000i\000m\000i\000t\000a\000\347\000\365\000e\000s\000\040\000d\000a\000\040\000A\000b\000o\000r\000d\000a\000g\000e\000m\000\040\000F\000u\000z\000z\000y}{section.4}% 25
\BOOKMARK [2][-]{subsection.4.2}{\376\377\000C\000o\000m\000p\000a\000r\000a\000\347\000\343\000o\000\040\000F\000u\000z\000z\000y\000\040\000v\000s\000\040\000M\000\351\000t\000o\000d\000o\000s\000\040\000E\000s\000t\000a\000t\000\355\000s\000t\000i\000c\000o\000s}{section.4}% 26
\BOOKMARK [2][-]{subsection.4.3}{\376\377\000I\000n\000t\000e\000r\000p\000r\000e\000t\000a\000\347\000\343\000o\000\040\000L\000i\000n\000g\000u\000\355\000s\000t\000i\000c\000a\000\040\000d\000a\000s\000\040\000F\000u\000n\000\347\000\365\000e\000s\000\040\000d\000e\000\040\000P\000e\000r\000t\000i\000n\000\352\000n\000c\000i\000a}{section.4}% 27
\BOOKMARK [2][-]{subsection.4.4}{\376\377\000C\000o\000n\000t\000r\000i\000b\000u\000i\000\347\000\343\000o\000\040\000p\000a\000r\000a\000\040\000a\000\040\000L\000i\000t\000e\000r\000a\000t\000u\000r\000a\000\040\000d\000e\000\040\000L\000\363\000g\000i\000c\000a\000\040\000F\000u\000z\000z\000y}{section.4}% 28
\BOOKMARK [2][-]{subsection.4.5}{\376\377\000L\000i\000m\000i\000t\000a\000\347\000\365\000e\000s\000\040\000e\000\040\000T\000r\000a\000b\000a\000l\000h\000o\000s\000\040\000F\000u\000t\000u\000r\000o\000s}{section.4}% 29
\BOOKMARK [1][-]{section.5}{\376\377\000C\000o\000n\000c\000l\000u\000s\000\343\000o}{}% 30
